f:\augusto\università\progetto grafica\progetto opengl\game engine\game engine\debug\vc141.pdb
f:\augusto\università\progetto grafica\progetto opengl\game engine\game engine\debug\vc141.idb
f:\augusto\università\progetto grafica\progetto opengl\game engine\game engine\debug\texture.obj
f:\augusto\università\progetto grafica\progetto opengl\game engine\game engine\debug\shader.obj
f:\augusto\università\progetto grafica\progetto opengl\game engine\game engine\debug\model.obj
f:\augusto\università\progetto grafica\progetto opengl\game engine\game engine\debug\mesh.obj
f:\augusto\università\progetto grafica\progetto opengl\game engine\game engine\debug\main.obj
f:\augusto\università\progetto grafica\progetto opengl\game engine\game engine\debug\shadows.obj
f:\augusto\università\progetto grafica\progetto opengl\game engine\game engine\debug\spot_light.obj
f:\augusto\università\progetto grafica\progetto opengl\game engine\game engine\debug\point_light.obj
f:\augusto\università\progetto grafica\progetto opengl\game engine\game engine\debug\luce.obj
f:\augusto\università\progetto grafica\progetto opengl\game engine\game engine\debug\directional_light.obj
f:\augusto\università\progetto grafica\progetto opengl\game engine\game engine\debug\camera.obj
f:\augusto\università\progetto grafica\progetto opengl\game engine\game engine\debug\scenelist.obj
f:\augusto\università\progetto grafica\progetto opengl\game engine\game engine\debug\scene.obj
f:\augusto\università\progetto grafica\progetto opengl\game engine\game engine\debug\modelloader.obj
f:\augusto\università\progetto grafica\progetto opengl\game engine\game engine\debug\shaderloader.obj
f:\augusto\università\progetto grafica\progetto opengl\game engine\game engine\debug\meshloader.obj
f:\augusto\università\progetto grafica\progetto opengl\game engine\game engine\debug\soil2.obj
f:\augusto\università\progetto grafica\progetto opengl\game engine\game engine\debug\image_helper.obj
f:\augusto\università\progetto grafica\progetto opengl\game engine\game engine\debug\image_dxt.obj
f:\augusto\università\progetto grafica\progetto opengl\game engine\game engine\debug\etc1_utils.obj
f:\augusto\università\progetto grafica\progetto opengl\game engine\debug\game engine.exe
f:\augusto\università\progetto grafica\progetto opengl\game engine\debug\game engine.ilk
f:\augusto\università\progetto grafica\progetto opengl\game engine\debug\game engine.pdb
f:\augusto\università\progetto grafica\progetto opengl\game engine\game engine\debug\pch.obj
f:\augusto\università\progetto grafica\progetto opengl\game engine\game engine\debug\game engine.pch
f:\augusto\università\progetto grafica\progetto opengl\game engine\game engine\debug\game engine.tlog\cl.command.1.tlog
f:\augusto\università\progetto grafica\progetto opengl\game engine\game engine\debug\game engine.tlog\cl.read.1.tlog
f:\augusto\università\progetto grafica\progetto opengl\game engine\game engine\debug\game engine.tlog\cl.write.1.tlog
f:\augusto\università\progetto grafica\progetto opengl\game engine\game engine\debug\game engine.tlog\link.command.1.tlog
f:\augusto\università\progetto grafica\progetto opengl\game engine\game engine\debug\game engine.tlog\link.read.1.tlog
f:\augusto\università\progetto grafica\progetto opengl\game engine\game engine\debug\game engine.tlog\link.write.1.tlog
