  pch.cpp
  Directional_Light.cpp
  Luce.cpp
  Point_Light.cpp
  Spot_Light.cpp
  Shadows.cpp
  Main.cpp
f:\augusto\università\progetto grafica\progetto opengl\game engine\game engine\main.cpp(311): warning C4244: 'inizializzazione': conversione da 'double' a 'GLfloat'. Possibile perdita di dati.
f:\augusto\università\progetto grafica\progetto opengl\game engine\game engine\main.cpp(320): warning C4244: 'inizializzazione': conversione da 'double' a 'GLfloat'. Possibile perdita di dati.
f:\augusto\università\progetto grafica\progetto opengl\game engine\game engine\main.cpp(439): warning C4244: '=': conversione da 'double' a 'GLfloat'. Possibile perdita di dati.
f:\augusto\università\progetto grafica\progetto opengl\game engine\game engine\main.cpp(440): warning C4244: '=': conversione da 'double' a 'GLfloat'. Possibile perdita di dati.
f:\augusto\università\progetto grafica\progetto opengl\game engine\game engine\main.cpp(444): warning C4244: 'inizializzazione': conversione da 'double' a 'GLfloat'. Possibile perdita di dati.
f:\augusto\università\progetto grafica\progetto opengl\game engine\game engine\main.cpp(445): warning C4244: 'inizializzazione': conversione da 'double' a 'GLfloat'. Possibile perdita di dati.
f:\augusto\università\progetto grafica\progetto opengl\game engine\game engine\main.cpp(447): warning C4244: '=': conversione da 'double' a 'GLfloat'. Possibile perdita di dati.
f:\augusto\università\progetto grafica\progetto opengl\game engine\game engine\main.cpp(448): warning C4244: '=': conversione da 'double' a 'GLfloat'. Possibile perdita di dati.
f:\augusto\università\progetto grafica\progetto opengl\game engine\game engine\main.cpp(454): warning C4244: 'argomento': conversione da 'double' a 'GLfloat'. Possibile perdita di dati.
  Mesh.cpp
  Model.cpp
  Shader.cpp
  Texture.cpp
  Generazione del codice in corso...
  SOIL2.c
  etc1_utils.c
  image_DXT.c
  image_helper.c
  Generazione del codice in corso...
  LINK : F:\Augusto\Università\Progetto grafica\Progetto opengl\Game Engine\Debug\Game Engine.exe non trovato o non compilato dall'ultimo collegamento incrementale; verrà eseguito il collegamento completo
LINK : warning LNK4098: la libreria predefinita 'MSVCRT' è in conflitto con l'utilizzo di altre librerie; usare /NODEFAULTLIB:libreria
  Game Engine.vcxproj -> F:\Augusto\Università\Progetto grafica\Progetto opengl\Game Engine\Debug\Game Engine.exe
