f:\augusto\università\progetto grafica\progetto opengl\game engine\game engine\x64\debug\game engine.pch
f:\augusto\università\progetto grafica\progetto opengl\game engine\game engine\x64\debug\vc141.pdb
f:\augusto\università\progetto grafica\progetto opengl\game engine\game engine\x64\debug\vc141.idb
f:\augusto\università\progetto grafica\progetto opengl\game engine\game engine\x64\debug\pch.obj
f:\augusto\università\progetto grafica\progetto opengl\game engine\game engine\x64\debug\texture.obj
f:\augusto\università\progetto grafica\progetto opengl\game engine\game engine\x64\debug\shader.obj
f:\augusto\università\progetto grafica\progetto opengl\game engine\game engine\x64\debug\model.obj
f:\augusto\università\progetto grafica\progetto opengl\game engine\game engine\x64\debug\mesh.obj
f:\augusto\università\progetto grafica\progetto opengl\game engine\game engine\x64\debug\main.obj
f:\augusto\università\progetto grafica\progetto opengl\game engine\game engine\x64\debug\camera.obj
f:\augusto\università\progetto grafica\progetto opengl\game engine\game engine\x64\debug\soil2.obj
f:\augusto\università\progetto grafica\progetto opengl\game engine\game engine\x64\debug\image_helper.obj
f:\augusto\università\progetto grafica\progetto opengl\game engine\game engine\x64\debug\image_dxt.obj
f:\augusto\università\progetto grafica\progetto opengl\game engine\game engine\x64\debug\etc1_utils.obj
f:\augusto\università\progetto grafica\progetto opengl\game engine\x64\debug\game engine.pdb
f:\augusto\università\progetto grafica\progetto opengl\game engine\game engine\x64\debug\game engine.tlog\cl.command.1.tlog
f:\augusto\università\progetto grafica\progetto opengl\game engine\game engine\x64\debug\game engine.tlog\cl.read.1.tlog
f:\augusto\università\progetto grafica\progetto opengl\game engine\game engine\x64\debug\game engine.tlog\cl.write.1.tlog
f:\augusto\università\progetto grafica\progetto opengl\game engine\game engine\x64\debug\game engine.tlog\link-cvtres.read.1.tlog
f:\augusto\università\progetto grafica\progetto opengl\game engine\game engine\x64\debug\game engine.tlog\link-cvtres.write.1.tlog
f:\augusto\università\progetto grafica\progetto opengl\game engine\game engine\x64\debug\game engine.tlog\link-rc.read.1.tlog
f:\augusto\università\progetto grafica\progetto opengl\game engine\game engine\x64\debug\game engine.tlog\link-rc.write.1.tlog
f:\augusto\università\progetto grafica\progetto opengl\game engine\game engine\x64\debug\game engine.tlog\link.command.1.tlog
f:\augusto\università\progetto grafica\progetto opengl\game engine\game engine\x64\debug\game engine.tlog\link.read.1.tlog
f:\augusto\università\progetto grafica\progetto opengl\game engine\game engine\x64\debug\game engine.tlog\link.write.1.tlog
